d:\desktop\dutch lady_fristi_cpp\dutch lady app\mydll\x64\debug\mydll.pch
d:\desktop\dutch lady_fristi_cpp\dutch lady app\mydll\x64\debug\vc143.pdb
d:\desktop\dutch lady_fristi_cpp\dutch lady app\mydll\x64\debug\vc143.idb
d:\desktop\dutch lady_fristi_cpp\dutch lady app\mydll\x64\debug\pch.obj
d:\desktop\dutch lady_fristi_cpp\dutch lady app\mydll\x64\debug\source_opencv.obj
d:\desktop\dutch lady_fristi_cpp\dutch lady app\mydll\x64\debug\source_numpy.obj
d:\desktop\dutch lady_fristi_cpp\dutch lady app\mydll\x64\debug\dllmain.obj
d:\desktop\dutch lady_fristi_final_cpp\dutch lady app\x64\debug\mydll.lib
d:\desktop\dutch lady_fristi_final_cpp\dutch lady app\x64\debug\mydll.exp
d:\desktop\dutch lady_fristi_cpp\dutch lady app\x64\debug\mydll.lib
d:\desktop\dutch lady_fristi_cpp\dutch lady app\x64\debug\mydll.exp
d:\desktop\dutch lady_fristi_cpp\dutch lady app\x64\debug\mydll.dll
d:\desktop\dutch lady_fristi_cpp\dutch lady app\mydll\x64\debug\mydll.ilk
d:\desktop\dutch lady_fristi_cpp\dutch lady app\x64\debug\mydll.pdb
d:\desktop\dutch lady_fristi_cpp\dutch lady app\mydll\x64\debug\onnx.obj
d:\desktop\dutch lady_fristi_cpp\dutch lady app\mydll\x64\debug\mydll.tlog\cl.command.1.tlog
d:\desktop\dutch lady_fristi_cpp\dutch lady app\mydll\x64\debug\mydll.tlog\cl.read.1.tlog
d:\desktop\dutch lady_fristi_cpp\dutch lady app\mydll\x64\debug\mydll.tlog\cl.write.1.tlog
d:\desktop\dutch lady_fristi_cpp\dutch lady app\mydll\x64\debug\mydll.tlog\link.command.1.tlog
d:\desktop\dutch lady_fristi_cpp\dutch lady app\mydll\x64\debug\mydll.tlog\link.read.1.tlog
d:\desktop\dutch lady_fristi_cpp\dutch lady app\mydll\x64\debug\mydll.tlog\link.write.1.tlog
d:\desktop\dutch lady_fristi_cpp\dutch lady app\mydll\x64\debug\mydll.tlog\link.write.2u.tlog
